Command line:
   tb_Procesador3_isim_beh.exe
     -simmode  gui
     -simrunnum  0
     -socket  51175

Mon Oct 16 22:56:27 2017


 Elaboration Time: 0.1875 sec

 Current Memory Usage: 846.459 Meg

 Total Signals          : 65
 Total Nets             : 3693
 Total Signal Drivers   : 16
 Total Blocks           : 18
 Total Primitive Blocks : 16
 Total Processes        : 14
 Total Traceable Variables  : 16
 Total Scalar Nets and Variables : 4195
Total Line Count : 85

 Total Simulation Time: 0.75 sec

 Current Memory Usage: 689.172 Meg

Mon Oct 16 23:12:33 2017

